0 info it worked if it ends with ok
1 verbose cli [ 'C:\\Program Files\\nodejs\\node.exe',
1 verbose cli   'C:\\Users\\Administrator\\AppData\\Roaming\\npm\\node_modules\\npm\\bin\\npm-cli.js',
1 verbose cli   'run',
1 verbose cli   'start' ]
2 info using npm@3.9.5
3 info using node@v4.4.5
4 verbose run-script [ 'prestart', 'start', 'poststart' ]
5 info lifecycle ruffhelper@0.0.0~prestart: ruffhelper@0.0.0
6 silly lifecycle ruffhelper@0.0.0~prestart: no script for prestart, continuing
7 info lifecycle ruffhelper@0.0.0~start: ruffhelper@0.0.0
8 verbose lifecycle ruffhelper@0.0.0~start: unsafe-perm in lifecycle true
9 verbose lifecycle ruffhelper@0.0.0~start: PATH: C:\Users\Administrator\AppData\Roaming\npm\node_modules\npm\bin\node-gyp-bin;E:\ZhiHuaSiStudio\2016\RuffHelperGit\node_modules\.bin;C:\Program Files\nodejs;C:\ProgramData\Oracle\Java\javapath;C:\Program Files\Java\jdk1.6.0_32\bin;C:\Program Files\Java\jdk1.6.0_32\jre\bin;C:\Program Files\Java\jdk1.6.0_32\bin;C:\Program Files\Java\jdk1.6.0_32\jre\bin;C:\Windows\system32;C:\Windows;C:\Windows\System32\Wbem;C:\Windows\System32\WindowsPowerShell\v1.0\;C:\Program Files\TortoiseGit\bin;C:\Program Files\TortoiseSVN\bin;%USERPROFILE%\.dnx\bin;C:\Program Files\Microsoft DNX\Dnvm\;C:\Program Files\nodejs\;D:\Program Files (x86)\svn\bin;C:\Program Files (x86)\Git\bin;C:\Program Files (x86)\Microsoft VS Code\bin;E:\my\ruff-sdk-win-0.8.0\bin;C:\Users\Administrator\AppData\Roaming\npm;C:\Program Files (x86)\Egret\Egret Wing 3\bin
10 verbose lifecycle ruffhelper@0.0.0~start: CWD: E:\ZhiHuaSiStudio\2016\RuffHelperGit
11 silly lifecycle ruffhelper@0.0.0~start: Args: [ '/d /s /c', 'electron .' ]
12 silly lifecycle ruffhelper@0.0.0~start: Returned: code: 3221226525  signal: null
13 info lifecycle ruffhelper@0.0.0~start: Failed to exec start script
14 verbose stack Error: ruffhelper@0.0.0 start: `electron .`
14 verbose stack Exit status 3221226525
14 verbose stack     at EventEmitter.<anonymous> (C:\Users\Administrator\AppData\Roaming\npm\node_modules\npm\lib\utils\lifecycle.js:245:16)
14 verbose stack     at emitTwo (events.js:87:13)
14 verbose stack     at EventEmitter.emit (events.js:172:7)
14 verbose stack     at ChildProcess.<anonymous> (C:\Users\Administrator\AppData\Roaming\npm\node_modules\npm\lib\utils\spawn.js:24:14)
14 verbose stack     at emitTwo (events.js:87:13)
14 verbose stack     at ChildProcess.emit (events.js:172:7)
14 verbose stack     at maybeClose (internal/child_process.js:827:16)
14 verbose stack     at Process.ChildProcess._handle.onexit (internal/child_process.js:211:5)
15 verbose pkgid ruffhelper@0.0.0
16 verbose cwd E:\ZhiHuaSiStudio\2016\RuffHelperGit
17 error Windows_NT 6.1.7601
18 error argv "C:\\Program Files\\nodejs\\node.exe" "C:\\Users\\Administrator\\AppData\\Roaming\\npm\\node_modules\\npm\\bin\\npm-cli.js" "run" "start"
19 error node v4.4.5
20 error npm  v3.9.5
21 error code ELIFECYCLE
22 error ruffhelper@0.0.0 start: `electron .`
22 error Exit status 3221226525
23 error Failed at the ruffhelper@0.0.0 start script 'electron .'.
23 error Make sure you have the latest version of node.js and npm installed.
23 error If you do, this is most likely a problem with the ruffhelper package,
23 error not with npm itself.
23 error Tell the author that this fails on your system:
23 error     electron .
23 error You can get information on how to open an issue for this project with:
23 error     npm bugs ruffhelper
23 error Or if that isn't available, you can get their info via:
23 error     npm owner ls ruffhelper
23 error There is likely additional logging output above.
24 verbose exit [ 1, true ]
